<?xml version="1.0" encoding="UTF-8"?>
<robot generator="Robot 3.0 (Jython 2.7.0 on java1.8.0_112)" generated="20170110 13:29:09.999">
<suite source="C:\Users\Steven\Documents\GitHub\jsu-se-hello-world\src\test\acceptancetest" name="Acceptancetest" id="s1">
<suite source="C:\Users\Steven\Documents\GitHub\jsu-se-hello-world\src\test\acceptancetest\HelloWorldTests.robot" name="HelloWorldTests" id="s1-s1">
<test name="Say Hello" id="s1-s1-t1">
<kw library="keywords.CustomKeywords" name="Greet Everyone">
<status endtime="20170110 13:29:10.316" starttime="20170110 13:29:10.316" status="PASS"></status>
</kw>
<status critical="yes" endtime="20170110 13:29:10.316" starttime="20170110 13:29:10.300" status="PASS"></status>
</test>
<test name="Say Hello In Pig Latin" id="s1-s1-t2">
<kw library="keywords.CustomKeywords" name="Reverse Greet Everyone">
<status endtime="20170110 13:29:10.338" starttime="20170110 13:29:10.338" status="PASS"></status>
</kw>
<status critical="yes" endtime="20170110 13:29:10.338" starttime="20170110 13:29:10.332" status="PASS"></status>
</test>
<test name="Make Sure You're Saying Hello" id="s1-s1-t3">
<kw library="keywords.CustomKeywords" name="Greet Everyone">
<assign>
<var>${result}</var>
</assign>
<msg level="INFO" timestamp="20170110 13:29:10.354">${result} = hello world</msg>
<status endtime="20170110 13:29:10.354" starttime="20170110 13:29:10.354" status="PASS"></status>
</kw>
<kw library="BuiltIn" name="Should Be Equal">
<doc>Fails if the given objects are unequal.</doc>
<arguments>
<arg>${result}</arg>
<arg>hello world</arg>
</arguments>
<status endtime="20170110 13:29:10.370" starttime="20170110 13:29:10.354" status="PASS"></status>
</kw>
<status critical="yes" endtime="20170110 13:29:10.370" starttime="20170110 13:29:10.338" status="PASS"></status>
</test>
<test name="Make A Test That Fails" id="s1-s1-t4">
<kw library="keywords.CustomKeywords" name="Reverse Greet Everyone">
<assign>
<var>${result}</var>
</assign>
<msg level="INFO" timestamp="20170110 13:29:10.385">${result} = dlrow olleh</msg>
<status endtime="20170110 13:29:10.385" starttime="20170110 13:29:10.385" status="PASS"></status>
</kw>
<kw library="BuiltIn" name="Should Be Equal">
<doc>Fails if the given objects are unequal.</doc>
<arguments>
<arg>${result}</arg>
<arg>hello world</arg>
</arguments>
<msg level="FAIL" timestamp="20170110 13:29:10.401">dlrow olleh != hello world</msg>
<status endtime="20170110 13:29:10.401" starttime="20170110 13:29:10.401" status="FAIL"></status>
</kw>
<status critical="yes" endtime="20170110 13:29:10.416" starttime="20170110 13:29:10.370" status="FAIL">dlrow olleh != hello world</status>
</test>
<status endtime="20170110 13:29:10.416" starttime="20170110 13:29:10.269" status="FAIL"></status>
</suite>
<status endtime="20170110 13:29:10.436" starttime="20170110 13:29:09.999" status="FAIL"></status>
</suite>
<statistics>
<total>
<stat pass="3" fail="1">Critical Tests</stat>
<stat pass="3" fail="1">All Tests</stat>
</total>
<tag>
</tag>
<suite>
<stat pass="3" fail="1" name="Acceptancetest" id="s1">Acceptancetest</stat>
<stat pass="3" fail="1" name="HelloWorldTests" id="s1-s1">Acceptancetest.HelloWorldTests</stat>
</suite>
</statistics>
<errors>
</errors>
</robot>
